Arguments: 
  /Users/jaycezhang/.nvm/versions/node/v14.18.1/bin/node /Users/jaycezhang/.nvm/versions/node/v14.18.1/bin/yarn

PATH: 
  /Users/jaycezhang/.nvm/versions/node/v14.18.1/bin:/opt/homebrew/bin:/usr/local/bin:/System/Cryptexes/App/usr/bin:/usr/bin:/bin:/usr/sbin:/sbin:/Library/Apple/usr/bin:/Users/jaycezhang/.nvm/versions/node/v14.18.1/bin

Yarn version: 
  1.22.17

Node version: 
  14.18.1

Platform: 
  darwin arm64

Trace: 
  Error: ENOENT: no such file or directory, copyfile '/Users/jaycezhang/Library/Caches/Yarn/v6/npm-globals-13.20.0-ea276a1e508ffd4f1612888f9d1bad1e2717bf82-integrity/node_modules/globals/index.d.ts' -> '/Users/jaycezhang/Documents/taro-webpack5-mobx/node_modules/@eslint/eslintrc/node_modules/globals/index.d.ts'

npm manifest: 
  {
    "name": "taro-webpack5-mobx",
    "version": "1.0.0",
    "private": true,
    "description": "test",
    "templateInfo": {
      "name": "mobx",
      "typescript": true,
      "css": "none"
    },
    "scripts": {
      "build:weapp": "taro build --type weapp",
      "build:swan": "taro build --type swan",
      "build:alipay": "taro build --type alipay",
      "build:tt": "taro build --type tt",
      "build:h5": "taro build --type h5",
      "build:rn": "taro build --type rn",
      "build:qq": "taro build --type qq",
      "build:quickapp": "taro build --type quickapp",
      "dev:weapp": "npm run build:weapp -- --watch",
      "dev:swan": "npm run build:swan -- --watch",
      "dev:alipay": "npm run build:alipay -- --watch",
      "dev:tt": "npm run build:tt -- --watch",
      "dev:h5": "npm run build:h5 -- --watch",
      "dev:rn": "npm run build:rn -- --watch",
      "dev:qq": "npm run build:qq -- --watch",
      "dev:quickapp": "npm run build:quickapp -- --watch"
    },
    "browserslist": [
      "last 3 versions",
      "Android >= 4.1",
      "ios >= 8"
    ],
    "author": "",
    "license": "MIT",
    "dependencies": {
      "@babel/runtime": "^7.7.7",
      "@tarojs/components": "3.6.5",
      "@tarojs/helper": "3.6.5",
      "@tarojs/plugin-framework-react": "3.6.5",
      "@tarojs/plugin-platform-alipay": "3.6.5",
      "@tarojs/plugin-platform-h5": "3.6.5",
      "@tarojs/plugin-platform-jd": "3.6.5",
      "@tarojs/plugin-platform-qq": "3.6.5",
      "@tarojs/plugin-platform-swan": "3.6.5",
      "@tarojs/plugin-platform-tt": "3.6.5",
      "@tarojs/plugin-platform-weapp": "3.6.5",
      "@tarojs/react": "3.6.5",
      "@tarojs/runtime": "3.6.5",
      "@tarojs/shared": "3.6.5",
      "@tarojs/taro": "3.6.5",
      "es6-symbol": "^3.1.3",
      "install": "^0.13.0",
      "lodash": "^4.17.21",
      "mobx": "^6.9.0",
      "mobx-react": "^6.1.4",
      "react": "^18.0.0",
      "react-dom": "^18.0.0"
    },
    "devDependencies": {
      "@babel/core": "^7.8.0",
      "@pmmmwh/react-refresh-webpack-plugin": "^0.5.5",
      "@tarojs/cli": "3.6.5",
      "@tarojs/webpack5-runner": "3.6.5",
      "@types/node": "^18.15.11",
      "@types/react": "^18.0.0",
      "@types/webpack-env": "^1.13.6",
      "@typescript-eslint/eslint-plugin": "^5.20.0",
      "@typescript-eslint/parser": "^5.20.0",
      "babel-preset-taro": "3.6.5",
      "eslint": "^8.12.0",
      "eslint-config-taro": "3.6.5",
      "eslint-plugin-import": "^2.12.0",
      "eslint-plugin-react": "^7.8.2",
      "eslint-plugin-react-hooks": "^4.2.0",
      "postcss": "^8.4.18",
      "react-refresh": "^0.11.0",
      "stylelint": "9.3.0",
      "ts-node": "^10.9.1",
      "typescript": "^4.1.0",
      "webpack": "^5.78.0"
    }
  }

yarn manifest: 
  No manifest

Lockfile: 
  No lockfile
